<?xml version="1.0" encoding="UTF-8"?>
<coverage generated="1750554205338" clover="3.2.0">
  <project timestamp="1750554205338" name="All files">
    <metrics statements="218" coveredstatements="138" conditionals="38" coveredconditionals="25" methods="29" coveredmethods="18" elements="285" coveredelements="181" complexity="0" loc="218" ncloc="218" packages="8" files="20" classes="20"/>
    <package name="src">
      <metrics statements="15" coveredstatements="0" conditionals="2" coveredconditionals="0" methods="1" coveredmethods="0"/>
      <file name="app.module.ts" path="C:\Users\hat\workspaces\journal-manager\backend\src\app.module.ts">
        <metrics statements="8" coveredstatements="0" conditionals="0" coveredconditionals="0" methods="0" coveredmethods="0"/>
        <line num="1" count="0" type="stmt"/>
        <line num="2" count="0" type="stmt"/>
        <line num="3" count="0" type="stmt"/>
        <line num="4" count="0" type="stmt"/>
        <line num="5" count="0" type="stmt"/>
        <line num="6" count="0" type="stmt"/>
        <line num="7" count="0" type="stmt"/>
        <line num="36" count="0" type="stmt"/>
      </file>
      <file name="main.ts" path="C:\Users\hat\workspaces\journal-manager\backend\src\main.ts">
        <metrics statements="7" coveredstatements="0" conditionals="2" coveredconditionals="0" methods="1" coveredmethods="0"/>
        <line num="1" count="0" type="stmt"/>
        <line num="2" count="0" type="stmt"/>
        <line num="3" count="0" type="stmt"/>
        <line num="6" count="0" type="stmt"/>
        <line num="8" count="0" type="stmt"/>
        <line num="10" count="0" type="cond" truecount="0" falsecount="2"/>
        <line num="12" count="0" type="stmt"/>
      </file>
    </package>
    <package name="src.auth">
      <metrics statements="110" coveredstatements="102" conditionals="20" coveredconditionals="19" methods="12" coveredmethods="12"/>
      <file name="auth.controller.ts" path="C:\Users\hat\workspaces\journal-manager\backend\src\auth\auth.controller.ts">
        <metrics statements="18" coveredstatements="18" conditionals="0" coveredconditionals="0" methods="5" coveredmethods="5"/>
        <line num="1" count="1" type="stmt"/>
        <line num="2" count="1" type="stmt"/>
        <line num="3" count="1" type="stmt"/>
        <line num="4" count="1" type="stmt"/>
        <line num="6" count="1" type="stmt"/>
        <line num="9" count="1" type="stmt"/>
        <line num="10" count="5" type="stmt"/>
        <line num="13" count="1" type="stmt"/>
        <line num="14" count="1" type="stmt"/>
        <line num="18" count="1" type="stmt"/>
        <line num="19" count="1" type="stmt"/>
        <line num="24" count="1" type="stmt"/>
        <line num="25" count="1" type="stmt"/>
        <line num="26" count="1" type="stmt"/>
        <line num="27" count="1" type="stmt"/>
        <line num="28" count="1" type="stmt"/>
        <line num="32" count="1" type="stmt"/>
        <line num="33" count="1" type="stmt"/>
      </file>
      <file name="auth.module.ts" path="C:\Users\hat\workspaces\journal-manager\backend\src\auth\auth.module.ts">
        <metrics statements="8" coveredstatements="0" conditionals="0" coveredconditionals="0" methods="0" coveredmethods="0"/>
        <line num="1" count="0" type="stmt"/>
        <line num="2" count="0" type="stmt"/>
        <line num="3" count="0" type="stmt"/>
        <line num="4" count="0" type="stmt"/>
        <line num="5" count="0" type="stmt"/>
        <line num="6" count="0" type="stmt"/>
        <line num="7" count="0" type="stmt"/>
        <line num="23" count="0" type="stmt"/>
      </file>
      <file name="auth.service.ts" path="C:\Users\hat\workspaces\journal-manager\backend\src\auth\auth.service.ts">
        <metrics statements="67" coveredstatements="67" conditionals="18" coveredconditionals="17" methods="5" coveredmethods="5"/>
        <line num="1" count="2" type="stmt"/>
        <line num="7" count="2" type="stmt"/>
        <line num="9" count="2" type="stmt"/>
        <line num="10" count="2" type="stmt"/>
        <line num="12" count="2" type="stmt"/>
        <line num="16" count="2" type="stmt"/>
        <line num="18" count="19" type="stmt"/>
        <line num="19" count="19" type="stmt"/>
        <line num="20" count="19" type="stmt"/>
        <line num="24" count="2" type="stmt"/>
        <line num="26" count="2" type="stmt"/>
        <line num="30" count="2" type="cond" truecount="1" falsecount="0"/>
        <line num="31" count="1" type="stmt"/>
        <line num="34" count="1" type="stmt"/>
        <line num="36" count="1" type="stmt"/>
        <line num="46" count="1" type="stmt"/>
        <line num="52" count="7" type="stmt"/>
        <line num="53" count="7" type="stmt"/>
        <line num="55" count="7" type="cond" truecount="3" falsecount="0"/>
        <line num="56" count="2" type="stmt"/>
        <line num="61" count="5" type="stmt"/>
        <line num="65" count="4" type="cond" truecount="1" falsecount="0"/>
        <line num="66" count="1" type="stmt"/>
        <line num="71" count="3" type="cond" truecount="1" falsecount="0"/>
        <line num="72" count="1" type="stmt"/>
        <line num="77" count="2" type="stmt"/>
        <line num="78" count="2" type="cond" truecount="1" falsecount="0"/>
        <line num="79" count="1" type="stmt"/>
        <line num="84" count="1" type="stmt"/>
        <line num="90" count="1" type="stmt"/>
        <line num="91" count="1" type="stmt"/>
        <line num="95" count="1" type="stmt"/>
        <line num="96" count="1" type="stmt"/>
        <line num="102" count="1" type="stmt"/>
        <line num="108" count="1" type="stmt"/>
        <line num="123" count="6" type="cond" truecount="1" falsecount="0"/>
        <line num="124" count="5" type="stmt"/>
        <line num="128" count="1" type="stmt"/>
        <line num="129" count="1" type="stmt"/>
        <line num="138" count="5" type="stmt"/>
        <line num="140" count="5" type="stmt"/>
        <line num="141" count="4" type="stmt"/>
        <line num="145" count="4" type="stmt"/>
        <line num="146" count="4" type="cond" truecount="3" falsecount="0"/>
        <line num="147" count="2" type="stmt"/>
        <line num="150" count="2" type="stmt"/>
        <line num="153" count="2" type="cond" truecount="1" falsecount="0"/>
        <line num="154" count="1" type="stmt"/>
        <line num="157" count="1" type="stmt"/>
        <line num="163" count="1" type="stmt"/>
        <line num="164" count="1" type="stmt"/>
        <line num="168" count="1" type="stmt"/>
        <line num="176" count="4" type="cond" truecount="1" falsecount="0"/>
        <line num="177" count="3" type="stmt"/>
        <line num="180" count="1" type="stmt"/>
        <line num="186" count="4" type="stmt"/>
        <line num="187" count="4" type="stmt"/>
        <line num="188" count="4" type="cond" truecount="1" falsecount="1"/>
        <line num="189" count="4" type="stmt"/>
        <line num="190" count="4" type="cond" truecount="1" falsecount="0"/>
        <line num="191" count="3" type="stmt"/>
        <line num="194" count="4" type="cond" truecount="1" falsecount="0"/>
        <line num="195" count="2" type="stmt"/>
        <line num="196" count="2" type="stmt"/>
        <line num="199" count="1" type="cond" truecount="1" falsecount="0"/>
        <line num="200" count="1" type="stmt"/>
        <line num="203" count="1" type="stmt"/>
      </file>
      <file name="jwt-auth.guard.ts" path="C:\Users\hat\workspaces\journal-manager\backend\src\auth\jwt-auth.guard.ts">
        <metrics statements="3" coveredstatements="3" conditionals="0" coveredconditionals="0" methods="0" coveredmethods="0"/>
        <line num="1" count="1" type="stmt"/>
        <line num="2" count="1" type="stmt"/>
        <line num="5" count="1" type="stmt"/>
      </file>
      <file name="jwt.strategy.ts" path="C:\Users\hat\workspaces\journal-manager\backend\src\auth\jwt.strategy.ts">
        <metrics statements="14" coveredstatements="14" conditionals="2" coveredconditionals="2" methods="2" coveredmethods="2"/>
        <line num="1" count="1" type="stmt"/>
        <line num="2" count="1" type="stmt"/>
        <line num="3" count="1" type="stmt"/>
        <line num="6" count="1" type="stmt"/>
        <line num="9" count="1" type="stmt"/>
        <line num="10" count="4" type="stmt"/>
        <line num="11" count="4" type="stmt"/>
        <line num="19" count="3" type="stmt"/>
        <line num="21" count="3" type="cond" truecount="1" falsecount="0"/>
        <line num="22" count="1" type="stmt"/>
        <line num="25" count="2" type="stmt"/>
        <line num="27" count="2" type="cond" truecount="1" falsecount="0"/>
        <line num="28" count="1" type="stmt"/>
        <line num="31" count="1" type="stmt"/>
      </file>
    </package>
    <package name="src.auth.dtos">
      <metrics statements="14" coveredstatements="12" conditionals="0" coveredconditionals="0" methods="0" coveredmethods="0"/>
      <file name="login-response.dto.ts" path="C:\Users\hat\workspaces\journal-manager\backend\src\auth\dtos\login-response.dto.ts">
        <metrics statements="1" coveredstatements="0" conditionals="0" coveredconditionals="0" methods="0" coveredmethods="0"/>
        <line num="4" count="0" type="stmt"/>
      </file>
      <file name="login.dto.ts" path="C:\Users\hat\workspaces\journal-manager\backend\src\auth\dtos\login.dto.ts">
        <metrics statements="4" coveredstatements="4" conditionals="0" coveredconditionals="0" methods="0" coveredmethods="0"/>
        <line num="1" count="1" type="stmt"/>
        <line num="3" count="1" type="stmt"/>
        <line num="5" count="1" type="stmt"/>
        <line num="9" count="1" type="stmt"/>
      </file>
      <file name="register-response.dto.ts" path="C:\Users\hat\workspaces\journal-manager\backend\src\auth\dtos\register-response.dto.ts">
        <metrics statements="1" coveredstatements="0" conditionals="0" coveredconditionals="0" methods="0" coveredmethods="0"/>
        <line num="3" count="0" type="stmt"/>
      </file>
      <file name="register.dto.ts" path="C:\Users\hat\workspaces\journal-manager\backend\src\auth\dtos\register.dto.ts">
        <metrics statements="8" coveredstatements="8" conditionals="0" coveredconditionals="0" methods="0" coveredmethods="0"/>
        <line num="1" count="1" type="stmt"/>
        <line num="8" count="1" type="stmt"/>
        <line num="10" count="1" type="stmt"/>
        <line num="12" count="1" type="stmt"/>
        <line num="16" count="1" type="stmt"/>
        <line num="19" count="1" type="stmt"/>
        <line num="22" count="1" type="stmt"/>
        <line num="26" count="1" type="stmt"/>
      </file>
    </package>
    <package name="src.auth.interfaces">
      <metrics statements="7" coveredstatements="7" conditionals="2" coveredconditionals="2" methods="1" coveredmethods="1"/>
      <file name="role.enum.ts" path="C:\Users\hat\workspaces\journal-manager\backend\src\auth\interfaces\role.enum.ts">
        <metrics statements="7" coveredstatements="7" conditionals="2" coveredconditionals="2" methods="1" coveredmethods="1"/>
        <line num="1" count="2" type="cond" truecount="2" falsecount="0"/>
        <line num="2" count="2" type="stmt"/>
        <line num="3" count="2" type="stmt"/>
        <line num="4" count="2" type="stmt"/>
        <line num="5" count="2" type="stmt"/>
        <line num="6" count="2" type="stmt"/>
        <line num="7" count="2" type="stmt"/>
      </file>
    </package>
    <package name="src.email">
      <metrics statements="27" coveredstatements="0" conditionals="2" coveredconditionals="0" methods="5" coveredmethods="0"/>
      <file name="email.module.ts" path="C:\Users\hat\workspaces\journal-manager\backend\src\email\email.module.ts">
        <metrics statements="3" coveredstatements="0" conditionals="0" coveredconditionals="0" methods="0" coveredmethods="0"/>
        <line num="1" count="0" type="stmt"/>
        <line num="2" count="0" type="stmt"/>
        <line num="8" count="0" type="stmt"/>
      </file>
      <file name="email.service.ts" path="C:\Users\hat\workspaces\journal-manager\backend\src\email\email.service.ts">
        <metrics statements="24" coveredstatements="0" conditionals="2" coveredconditionals="0" methods="5" coveredmethods="0"/>
        <line num="1" count="0" type="stmt"/>
        <line num="2" count="0" type="stmt"/>
        <line num="5" count="0" type="stmt"/>
        <line num="7" count="0" type="stmt"/>
        <line num="11" count="0" type="stmt"/>
        <line num="13" count="0" type="cond" truecount="0" falsecount="1"/>
        <line num="14" count="0" type="stmt"/>
        <line num="17" count="0" type="stmt"/>
        <line num="21" count="0" type="stmt"/>
        <line num="22" count="0" type="stmt"/>
        <line num="28" count="0" type="stmt"/>
        <line num="32" count="0" type="stmt"/>
        <line num="33" count="0" type="stmt"/>
        <line num="39" count="0" type="stmt"/>
        <line num="43" count="0" type="stmt"/>
        <line num="44" count="0" type="stmt"/>
        <line num="51" count="0" type="cond" truecount="0" falsecount="1"/>
        <line num="52" count="0" type="stmt"/>
        <line num="53" count="0" type="stmt"/>
        <line num="56" count="0" type="stmt"/>
        <line num="57" count="0" type="stmt"/>
        <line num="59" count="0" type="stmt"/>
        <line num="60" count="0" type="stmt"/>
        <line num="65" count="0" type="stmt"/>
      </file>
    </package>
    <package name="src.prisma">
      <metrics statements="9" coveredstatements="3" conditionals="0" coveredconditionals="0" methods="3" coveredmethods="0"/>
      <file name="prisma.module.ts" path="C:\Users\hat\workspaces\journal-manager\backend\src\prisma\prisma.module.ts">
        <metrics statements="3" coveredstatements="0" conditionals="0" coveredconditionals="0" methods="0" coveredmethods="0"/>
        <line num="1" count="0" type="stmt"/>
        <line num="2" count="0" type="stmt"/>
        <line num="8" count="0" type="stmt"/>
      </file>
      <file name="prisma.service.ts" path="C:\Users\hat\workspaces\journal-manager\backend\src\prisma\prisma.service.ts">
        <metrics statements="6" coveredstatements="3" conditionals="0" coveredconditionals="0" methods="3" coveredmethods="0"/>
        <line num="1" count="2" type="stmt"/>
        <line num="2" count="2" type="stmt"/>
        <line num="5" count="2" type="stmt"/>
        <line num="10" count="0" type="stmt"/>
        <line num="14" count="0" type="stmt"/>
        <line num="18" count="0" type="stmt"/>
      </file>
    </package>
    <package name="src.shared.filters">
      <metrics statements="8" coveredstatements="0" conditionals="2" coveredconditionals="0" methods="1" coveredmethods="0"/>
      <file name="throttler-exception.filter.ts" path="C:\Users\hat\workspaces\journal-manager\backend\src\shared\filters\throttler-exception.filter.ts">
        <metrics statements="8" coveredstatements="0" conditionals="2" coveredconditionals="0" methods="1" coveredmethods="0"/>
        <line num="1" count="0" type="stmt"/>
        <line num="10" count="0" type="stmt"/>
        <line num="12" count="0" type="stmt"/>
        <line num="13" count="0" type="stmt"/>
        <line num="14" count="0" type="stmt"/>
        <line num="16" count="0" type="cond" truecount="0" falsecount="2"/>
        <line num="17" count="0" type="stmt"/>
        <line num="24" count="0" type="stmt"/>
      </file>
    </package>
    <package name="src.shared.redis">
      <metrics statements="28" coveredstatements="14" conditionals="10" coveredconditionals="4" methods="6" coveredmethods="5"/>
      <file name="redis.exceptions.ts" path="C:\Users\hat\workspaces\journal-manager\backend\src\shared\redis\redis.exceptions.ts">
        <metrics statements="6" coveredstatements="1" conditionals="0" coveredconditionals="0" methods="1" coveredmethods="0"/>
        <line num="1" count="4" type="stmt"/>
        <line num="3" count="0" type="stmt"/>
        <line num="4" count="0" type="stmt"/>
        <line num="5" count="0" type="stmt"/>
        <line num="7" count="0" type="stmt"/>
        <line num="8" count="0" type="stmt"/>
      </file>
      <file name="redis.module.ts" path="C:\Users\hat\workspaces\journal-manager\backend\src\shared\redis\redis.module.ts">
        <metrics statements="3" coveredstatements="0" conditionals="0" coveredconditionals="0" methods="0" coveredmethods="0"/>
        <line num="1" count="0" type="stmt"/>
        <line num="2" count="0" type="stmt"/>
        <line num="9" count="0" type="stmt"/>
      </file>
      <file name="redis.service.ts" path="C:\Users\hat\workspaces\journal-manager\backend\src\shared\redis\redis.service.ts">
        <metrics statements="19" coveredstatements="13" conditionals="10" coveredconditionals="4" methods="5" coveredmethods="5"/>
        <line num="1" count="4" type="stmt"/>
        <line num="2" count="4" type="stmt"/>
        <line num="3" count="4" type="stmt"/>
        <line num="6" count="4" type="stmt"/>
        <line num="8" count="6" type="stmt"/>
        <line num="11" count="6" type="stmt"/>
        <line num="18" count="1" type="stmt"/>
        <line num="19" count="1" type="stmt"/>
        <line num="21" count="0" type="stmt"/>
        <line num="22" count="0" type="stmt"/>
        <line num="31" count="2" type="stmt"/>
        <line num="32" count="2" type="stmt"/>
        <line num="34" count="0" type="stmt"/>
        <line num="35" count="0" type="stmt"/>
        <line num="44" count="1" type="stmt"/>
        <line num="45" count="1" type="stmt"/>
        <line num="47" count="0" type="stmt"/>
        <line num="48" count="0" type="stmt"/>
        <line num="57" count="1" type="stmt"/>
      </file>
    </package>
  </project>
</coverage>
