{"C:\\Users\\hat\\workspaces\\journal-manager\\backend\\src\\app.module.ts": {"path":"C:\\Users\\hat\\workspaces\\journal-manager\\backend\\src\\app.module.ts","statementMap":{"0":{"start":{"line":1,"column":0},"end":{"line":1,"column":40}},"1":{"start":{"line":2,"column":0},"end":{"line":2,"column":48}},"2":{"start":{"line":3,"column":0},"end":{"line":3,"column":68}},"3":{"start":{"line":4,"column":0},"end":{"line":4,"column":41}},"4":{"start":{"line":5,"column":0},"end":{"line":5,"column":53}},"5":{"start":{"line":6,"column":0},"end":{"line":6,"column":51}},"6":{"start":{"line":7,"column":0},"end":{"line":7,"column":54}},"7":{"start":{"line":36,"column":7},"end":{"line":36,"column":null}},"8":{"start":{"line":36,"column":13},"end":{"line":36,"column":22}},"9":{"start":{"line":36,"column":13},"end":{"line":36,"column":null}}},"fnMap":{},"branchMap":{},"s":{"0":0,"1":0,"2":0,"3":0,"4":0,"5":0,"6":0,"7":0,"8":0,"9":0},"f":{},"b":{}}
,"C:\\Users\\hat\\workspaces\\journal-manager\\backend\\src\\main.ts": {"path":"C:\\Users\\hat\\workspaces\\journal-manager\\backend\\src\\main.ts","statementMap":{"0":{"start":{"line":1,"column":0},"end":{"line":1,"column":43}},"1":{"start":{"line":2,"column":0},"end":{"line":2,"column":41}},"2":{"start":{"line":3,"column":0},"end":{"line":3,"column":87}},"3":{"start":{"line":6,"column":14},"end":{"line":6,"column":49}},"4":{"start":{"line":8,"column":2},"end":{"line":8,"column":55}},"5":{"start":{"line":10,"column":2},"end":{"line":10,"column":45}},"6":{"start":{"line":12,"column":0},"end":{"line":12,"column":12}}},"fnMap":{"0":{"name":"bootstrap","decl":{"start":{"line":5,"column":15},"end":{"line":5,"column":24}},"loc":{"start":{"line":5,"column":24},"end":{"line":11,"column":1}}}},"branchMap":{"0":{"loc":{"start":{"line":10,"column":19},"end":{"line":10,"column":43}},"type":"binary-expr","locations":[{"start":{"line":10,"column":19},"end":{"line":10,"column":35}},{"start":{"line":10,"column":39},"end":{"line":10,"column":43}}]}},"s":{"0":0,"1":0,"2":0,"3":0,"4":0,"5":0,"6":0},"f":{"0":0},"b":{"0":[0,0]}}
,"C:\\Users\\hat\\workspaces\\journal-manager\\backend\\src\\auth\\auth.controller.ts": {"path":"C:\\Users\\hat\\workspaces\\journal-manager\\backend\\src\\auth\\auth.controller.ts","statementMap":{"0":{"start":{"line":1,"column":0},"end":{"line":1,"column":72}},"1":{"start":{"line":2,"column":0},"end":{"line":2,"column":45}},"2":{"start":{"line":3,"column":0},"end":{"line":3,"column":50}},"3":{"start":{"line":4,"column":0},"end":{"line":4,"column":44}},"4":{"start":{"line":6,"column":0},"end":{"line":6,"column":48}},"5":{"start":{"line":9,"column":7},"end":{"line":35,"column":null}},"6":{"start":{"line":10,"column":31},"end":{"line":10,"column":44}},"7":{"start":{"line":14,"column":4},"end":{"line":14,"column":42}},"8":{"start":{"line":19,"column":4},"end":{"line":19,"column":39}},"9":{"start":{"line":25,"column":23},"end":{"line":25,"column":49}},"10":{"start":{"line":26,"column":18},"end":{"line":26,"column":42}},"11":{"start":{"line":27,"column":4},"end":{"line":27,"column":41}},"12":{"start":{"line":28,"column":4},"end":{"line":28,"column":55}},"13":{"start":{"line":33,"column":4},"end":{"line":33,"column":61}},"14":{"start":{"line":9,"column":13},"end":{"line":9,"column":27}},"15":{"start":{"line":13,"column":2},"end":{"line":15,"column":null}},"16":{"start":{"line":18,"column":2},"end":{"line":20,"column":null}},"17":{"start":{"line":24,"column":8},"end":{"line":29,"column":null}},"18":{"start":{"line":32,"column":8},"end":{"line":34,"column":null}},"19":{"start":{"line":9,"column":13},"end":{"line":35,"column":null}}},"fnMap":{"0":{"name":"(anonymous_4)","decl":{"start":{"line":10,"column":2},"end":{"line":10,"column":31}},"loc":{"start":{"line":10,"column":55},"end":{"line":10,"column":59}}},"1":{"name":"(anonymous_5)","decl":{"start":{"line":13,"column":2},"end":{"line":13,"column":10}},"loc":{"start":{"line":13,"column":35},"end":{"line":15,"column":3}}},"2":{"name":"(anonymous_6)","decl":{"start":{"line":18,"column":2},"end":{"line":18,"column":7}},"loc":{"start":{"line":18,"column":29},"end":{"line":20,"column":3}}},"3":{"name":"(anonymous_7)","decl":{"start":{"line":24,"column":2},"end":{"line":24,"column":7}},"loc":{"start":{"line":24,"column":34},"end":{"line":29,"column":3}}},"4":{"name":"(anonymous_8)","decl":{"start":{"line":32,"column":2},"end":{"line":32,"column":7}},"loc":{"start":{"line":32,"column":63},"end":{"line":34,"column":3}}}},"branchMap":{},"s":{"0":1,"1":1,"2":1,"3":1,"4":1,"5":1,"6":5,"7":1,"8":1,"9":1,"10":1,"11":1,"12":1,"13":1,"14":1,"15":1,"16":1,"17":1,"18":1,"19":1},"f":{"0":5,"1":1,"2":1,"3":1,"4":1},"b":{}}
,"C:\\Users\\hat\\workspaces\\journal-manager\\backend\\src\\auth\\auth.module.ts": {"path":"C:\\Users\\hat\\workspaces\\journal-manager\\backend\\src\\auth\\auth.module.ts","statementMap":{"0":{"start":{"line":1,"column":0},"end":{"line":1,"column":40}},"1":{"start":{"line":2,"column":0},"end":{"line":2,"column":40}},"2":{"start":{"line":3,"column":0},"end":{"line":3,"column":50}},"3":{"start":{"line":4,"column":0},"end":{"line":4,"column":45}},"4":{"start":{"line":5,"column":0},"end":{"line":5,"column":51}},"5":{"start":{"line":6,"column":0},"end":{"line":6,"column":59}},"6":{"start":{"line":7,"column":0},"end":{"line":7,"column":56}},"7":{"start":{"line":23,"column":7},"end":{"line":23,"column":null}},"8":{"start":{"line":23,"column":13},"end":{"line":23,"column":23}},"9":{"start":{"line":23,"column":13},"end":{"line":23,"column":null}}},"fnMap":{},"branchMap":{},"s":{"0":0,"1":0,"2":0,"3":0,"4":0,"5":0,"6":0,"7":0,"8":0,"9":0},"f":{},"b":{}}
,"C:\\Users\\hat\\workspaces\\journal-manager\\backend\\src\\auth\\auth.service.ts": {"path":"C:\\Users\\hat\\workspaces\\journal-manager\\backend\\src\\auth\\auth.service.ts","statementMap":{"0":{"start":{"line":1,"column":0},"end":{"line":1,"column":null}},"1":{"start":{"line":7,"column":0},"end":{"line":7,"column":33}},"2":{"start":{"line":9,"column":0},"end":{"line":9,"column":41}},"3":{"start":{"line":10,"column":0},"end":{"line":10,"column":57}},"4":{"start":{"line":12,"column":0},"end":{"line":12,"column":61}},"5":{"start":{"line":16,"column":7},"end":{"line":207,"column":null}},"6":{"start":{"line":18,"column":21},"end":{"line":18,"column":33}},"7":{"start":{"line":19,"column":21},"end":{"line":19,"column":36}},"8":{"start":{"line":20,"column":21},"end":{"line":20,"column":35}},"9":{"start":{"line":24,"column":59},"end":{"line":24,"column":62}},"10":{"start":{"line":26,"column":23},"end":{"line":28,"column":6}},"11":{"start":{"line":30,"column":4},"end":{"line":32,"column":5}},"12":{"start":{"line":31,"column":6},"end":{"line":31,"column":70}},"13":{"start":{"line":34,"column":27},"end":{"line":34,"column":58}},"14":{"start":{"line":36,"column":17},"end":{"line":44,"column":6}},"15":{"start":{"line":46,"column":4},"end":{"line":46,"column":76}},"16":{"start":{"line":52,"column":4},"end":{"line":132,"column":5}},"17":{"start":{"line":53,"column":34},"end":{"line":53,"column":37}},"18":{"start":{"line":55,"column":6},"end":{"line":59,"column":7}},"19":{"start":{"line":56,"column":8},"end":{"line":58,"column":10}},"20":{"start":{"line":61,"column":19},"end":{"line":63,"column":8}},"21":{"start":{"line":65,"column":6},"end":{"line":69,"column":7}},"22":{"start":{"line":66,"column":8},"end":{"line":68,"column":10}},"23":{"start":{"line":71,"column":6},"end":{"line":75,"column":7}},"24":{"start":{"line":72,"column":8},"end":{"line":74,"column":10}},"25":{"start":{"line":77,"column":30},"end":{"line":77,"column":75}},"26":{"start":{"line":78,"column":6},"end":{"line":82,"column":7}},"27":{"start":{"line":79,"column":8},"end":{"line":81,"column":10}},"28":{"start":{"line":84,"column":34},"end":{"line":88,"column":8}},"29":{"start":{"line":90,"column":36},"end":{"line":90,"column":40}},"30":{"start":{"line":91,"column":26},"end":{"line":93,"column":8}},"31":{"start":{"line":95,"column":37},"end":{"line":95,"column":43}},"32":{"start":{"line":96,"column":27},"end":{"line":98,"column":null}},"33":{"start":{"line":102,"column":6},"end":{"line":106,"column":8}},"34":{"start":{"line":108,"column":6},"end":{"line":120,"column":8}},"35":{"start":{"line":123,"column":6},"end":{"line":125,"column":7}},"36":{"start":{"line":124,"column":8},"end":{"line":124,"column":20}},"37":{"start":{"line":128,"column":6},"end":{"line":128,"column":60}},"38":{"start":{"line":129,"column":6},"end":{"line":131,"column":8}},"39":{"start":{"line":138,"column":4},"end":{"line":181,"column":5}},"40":{"start":{"line":140,"column":22},"end":{"line":140,"column":77}},"41":{"start":{"line":141,"column":21},"end":{"line":141,"column":32}},"42":{"start":{"line":145,"column":26},"end":{"line":145,"column":74}},"43":{"start":{"line":146,"column":6},"end":{"line":148,"column":7}},"44":{"start":{"line":147,"column":8},"end":{"line":147,"column":66}},"45":{"start":{"line":150,"column":19},"end":{"line":152,"column":8}},"46":{"start":{"line":153,"column":6},"end":{"line":155,"column":7}},"47":{"start":{"line":154,"column":8},"end":{"line":154,"column":65}},"48":{"start":{"line":157,"column":34},"end":{"line":161,"column":8}},"49":{"start":{"line":163,"column":36},"end":{"line":163,"column":40}},"50":{"start":{"line":164,"column":29},"end":{"line":166,"column":8}},"51":{"start":{"line":168,"column":6},"end":{"line":174,"column":8}},"52":{"start":{"line":176,"column":6},"end":{"line":178,"column":7}},"53":{"start":{"line":177,"column":8},"end":{"line":177,"column":16}},"54":{"start":{"line":180,"column":6},"end":{"line":180,"column":79}},"55":{"start":{"line":186,"column":26},"end":{"line":186,"column":75}},"56":{"start":{"line":187,"column":16},"end":{"line":187,"column":45}},"57":{"start":{"line":188,"column":16},"end":{"line":188,"column":40}},"58":{"start":{"line":189,"column":16},"end":{"line":189,"column":25}},"59":{"start":{"line":190,"column":4},"end":{"line":192,"column":5}},"60":{"start":{"line":191,"column":6},"end":{"line":191,"column":68}},"61":{"start":{"line":194,"column":4},"end":{"line":205,"column":5}},"62":{"start":{"line":195,"column":6},"end":{"line":204,"column":7}},"63":{"start":{"line":196,"column":31},"end":{"line":196,"column":null}},"64":{"start":{"line":199,"column":8},"end":{"line":201,"column":9}},"65":{"start":{"line":200,"column":10},"end":{"line":200,"column":71}},"66":{"start":{"line":203,"column":8},"end":{"line":203,"column":66}},"67":{"start":{"line":16,"column":13},"end":{"line":16,"column":24}},"68":{"start":{"line":16,"column":13},"end":{"line":207,"column":null}}},"fnMap":{"0":{"name":"(anonymous_2)","decl":{"start":{"line":17,"column":2},"end":{"line":17,"column":null}},"loc":{"start":{"line":20,"column":47},"end":{"line":21,"column":6}}},"1":{"name":"(anonymous_3)","decl":{"start":{"line":23,"column":2},"end":{"line":23,"column":7}},"loc":{"start":{"line":23,"column":33},"end":{"line":47,"column":3}}},"2":{"name":"(anonymous_4)","decl":{"start":{"line":49,"column":2},"end":{"line":49,"column":7}},"loc":{"start":{"line":50,"column":17},"end":{"line":133,"column":3}}},"3":{"name":"(anonymous_5)","decl":{"start":{"line":135,"column":2},"end":{"line":135,"column":7}},"loc":{"start":{"line":136,"column":24},"end":{"line":182,"column":3}}},"4":{"name":"(anonymous_6)","decl":{"start":{"line":184,"column":2},"end":{"line":184,"column":7}},"loc":{"start":{"line":184,"column":57},"end":{"line":206,"column":3}}}},"branchMap":{"0":{"loc":{"start":{"line":30,"column":4},"end":{"line":32,"column":5}},"type":"if","locations":[{"start":{"line":30,"column":4},"end":{"line":32,"column":5}}]},"1":{"loc":{"start":{"line":55,"column":6},"end":{"line":59,"column":7}},"type":"if","locations":[{"start":{"line":55,"column":6},"end":{"line":59,"column":7}}]},"2":{"loc":{"start":{"line":55,"column":10},"end":{"line":55,"column":29}},"type":"binary-expr","locations":[{"start":{"line":55,"column":10},"end":{"line":55,"column":16}},{"start":{"line":55,"column":20},"end":{"line":55,"column":29}}]},"3":{"loc":{"start":{"line":65,"column":6},"end":{"line":69,"column":7}},"type":"if","locations":[{"start":{"line":65,"column":6},"end":{"line":69,"column":7}}]},"4":{"loc":{"start":{"line":71,"column":6},"end":{"line":75,"column":7}},"type":"if","locations":[{"start":{"line":71,"column":6},"end":{"line":75,"column":7}}]},"5":{"loc":{"start":{"line":78,"column":6},"end":{"line":82,"column":7}},"type":"if","locations":[{"start":{"line":78,"column":6},"end":{"line":82,"column":7}}]},"6":{"loc":{"start":{"line":123,"column":6},"end":{"line":125,"column":7}},"type":"if","locations":[{"start":{"line":123,"column":6},"end":{"line":125,"column":7}}]},"7":{"loc":{"start":{"line":146,"column":6},"end":{"line":148,"column":7}},"type":"if","locations":[{"start":{"line":146,"column":6},"end":{"line":148,"column":7}}]},"8":{"loc":{"start":{"line":146,"column":10},"end":{"line":146,"column":54}},"type":"binary-expr","locations":[{"start":{"line":146,"column":10},"end":{"line":146,"column":22}},{"start":{"line":146,"column":26},"end":{"line":146,"column":54}}]},"9":{"loc":{"start":{"line":153,"column":6},"end":{"line":155,"column":7}},"type":"if","locations":[{"start":{"line":153,"column":6},"end":{"line":155,"column":7}}]},"10":{"loc":{"start":{"line":176,"column":6},"end":{"line":178,"column":7}},"type":"if","locations":[{"start":{"line":176,"column":6},"end":{"line":178,"column":7}}]},"11":{"loc":{"start":{"line":188,"column":16},"end":{"line":188,"column":40}},"type":"binary-expr","locations":[{"start":{"line":188,"column":16},"end":{"line":188,"column":33}},{"start":{"line":188,"column":37},"end":{"line":188,"column":40}}]},"12":{"loc":{"start":{"line":190,"column":4},"end":{"line":192,"column":5}},"type":"if","locations":[{"start":{"line":190,"column":4},"end":{"line":192,"column":5}}]},"13":{"loc":{"start":{"line":194,"column":4},"end":{"line":205,"column":5}},"type":"if","locations":[{"start":{"line":194,"column":4},"end":{"line":205,"column":5}}]},"14":{"loc":{"start":{"line":199,"column":8},"end":{"line":201,"column":9}},"type":"if","locations":[{"start":{"line":199,"column":8},"end":{"line":201,"column":9}}]}},"s":{"0":2,"1":2,"2":2,"3":2,"4":2,"5":2,"6":19,"7":19,"8":19,"9":2,"10":2,"11":2,"12":1,"13":1,"14":1,"15":1,"16":7,"17":7,"18":7,"19":2,"20":5,"21":4,"22":1,"23":3,"24":1,"25":2,"26":2,"27":1,"28":1,"29":1,"30":1,"31":1,"32":1,"33":1,"34":1,"35":6,"36":5,"37":1,"38":1,"39":5,"40":5,"41":4,"42":4,"43":4,"44":2,"45":2,"46":2,"47":1,"48":1,"49":1,"50":1,"51":1,"52":4,"53":3,"54":1,"55":4,"56":4,"57":4,"58":4,"59":4,"60":3,"61":4,"62":2,"63":2,"64":1,"65":1,"66":1,"67":2,"68":2},"f":{"0":19,"1":2,"2":7,"3":5,"4":4},"b":{"0":[1],"1":[2],"2":[7,6],"3":[1],"4":[1],"5":[1],"6":[5],"7":[2],"8":[4,3],"9":[1],"10":[3],"11":[4,0],"12":[3],"13":[2],"14":[1]}}
,"C:\\Users\\hat\\workspaces\\journal-manager\\backend\\src\\auth\\jwt-auth.guard.ts": {"path":"C:\\Users\\hat\\workspaces\\journal-manager\\backend\\src\\auth\\jwt-auth.guard.ts","statementMap":{"0":{"start":{"line":1,"column":0},"end":{"line":1,"column":44}},"1":{"start":{"line":2,"column":0},"end":{"line":2,"column":45}},"2":{"start":{"line":5,"column":7},"end":{"line":5,"column":null}},"3":{"start":{"line":5,"column":13},"end":{"line":5,"column":25}},"4":{"start":{"line":5,"column":13},"end":{"line":5,"column":null}}},"fnMap":{},"branchMap":{},"s":{"0":1,"1":1,"2":1,"3":1,"4":1},"f":{},"b":{}}
,"C:\\Users\\hat\\workspaces\\journal-manager\\backend\\src\\auth\\jwt.strategy.ts": {"path":"C:\\Users\\hat\\workspaces\\journal-manager\\backend\\src\\auth\\jwt.strategy.ts","statementMap":{"0":{"start":{"line":1,"column":0},"end":{"line":1,"column":67}},"1":{"start":{"line":2,"column":0},"end":{"line":2,"column":52}},"2":{"start":{"line":3,"column":0},"end":{"line":3,"column":52}},"3":{"start":{"line":6,"column":0},"end":{"line":6,"column":61}},"4":{"start":{"line":9,"column":7},"end":{"line":37,"column":null}},"5":{"start":{"line":11,"column":4},"end":{"line":15,"column":7}},"6":{"start":{"line":10,"column":31},"end":{"line":10,"column":45}},"7":{"start":{"line":19,"column":18},"end":{"line":19,"column":63}},"8":{"start":{"line":21,"column":4},"end":{"line":23,"column":5}},"9":{"start":{"line":22,"column":6},"end":{"line":22,"column":72}},"10":{"start":{"line":25,"column":29},"end":{"line":25,"column":71}},"11":{"start":{"line":27,"column":4},"end":{"line":29,"column":5}},"12":{"start":{"line":28,"column":6},"end":{"line":28,"column":57}},"13":{"start":{"line":31,"column":4},"end":{"line":35,"column":6}},"14":{"start":{"line":9,"column":13},"end":{"line":9,"column":24}},"15":{"start":{"line":9,"column":13},"end":{"line":37,"column":null}}},"fnMap":{"0":{"name":"(anonymous_2)","decl":{"start":{"line":10,"column":2},"end":{"line":10,"column":31}},"loc":{"start":{"line":10,"column":57},"end":{"line":16,"column":3}}},"1":{"name":"(anonymous_3)","decl":{"start":{"line":18,"column":2},"end":{"line":18,"column":7}},"loc":{"start":{"line":18,"column":50},"end":{"line":36,"column":3}}}},"branchMap":{"0":{"loc":{"start":{"line":21,"column":4},"end":{"line":23,"column":5}},"type":"if","locations":[{"start":{"line":21,"column":4},"end":{"line":23,"column":5}}]},"1":{"loc":{"start":{"line":27,"column":4},"end":{"line":29,"column":5}},"type":"if","locations":[{"start":{"line":27,"column":4},"end":{"line":29,"column":5}}]}},"s":{"0":1,"1":1,"2":1,"3":1,"4":1,"5":4,"6":4,"7":3,"8":3,"9":1,"10":2,"11":2,"12":1,"13":1,"14":1,"15":1},"f":{"0":4,"1":3},"b":{"0":[1],"1":[1]}}
,"C:\\Users\\hat\\workspaces\\journal-manager\\backend\\src\\auth\\dtos\\login-response.dto.ts": {"path":"C:\\Users\\hat\\workspaces\\journal-manager\\backend\\src\\auth\\dtos\\login-response.dto.ts","statementMap":{"0":{"start":{"line":4,"column":0},"end":{"line":4,"column":13}}},"fnMap":{},"branchMap":{},"s":{"0":0},"f":{},"b":{}}
,"C:\\Users\\hat\\workspaces\\journal-manager\\backend\\src\\auth\\dtos\\login.dto.ts": {"path":"C:\\Users\\hat\\workspaces\\journal-manager\\backend\\src\\auth\\dtos\\login.dto.ts","statementMap":{"0":{"start":{"line":1,"column":0},"end":{"line":1,"column":63}},"1":{"start":{"line":3,"column":0},"end":{"line":3,"column":13}},"2":{"start":{"line":5,"column":2},"end":{"line":5,"column":null}},"3":{"start":{"line":9,"column":2},"end":{"line":9,"column":null}}},"fnMap":{},"branchMap":{},"s":{"0":1,"1":1,"2":1,"3":1},"f":{},"b":{}}
,"C:\\Users\\hat\\workspaces\\journal-manager\\backend\\src\\auth\\dtos\\register-response.dto.ts": {"path":"C:\\Users\\hat\\workspaces\\journal-manager\\backend\\src\\auth\\dtos\\register-response.dto.ts","statementMap":{"0":{"start":{"line":3,"column":0},"end":{"line":3,"column":13}}},"fnMap":{},"branchMap":{},"s":{"0":0},"f":{},"b":{}}
,"C:\\Users\\hat\\workspaces\\journal-manager\\backend\\src\\auth\\dtos\\register.dto.ts": {"path":"C:\\Users\\hat\\workspaces\\journal-manager\\backend\\src\\auth\\dtos\\register.dto.ts","statementMap":{"0":{"start":{"line":1,"column":0},"end":{"line":1,"column":null}},"1":{"start":{"line":8,"column":0},"end":{"line":8,"column":47}},"2":{"start":{"line":10,"column":0},"end":{"line":10,"column":13}},"3":{"start":{"line":12,"column":2},"end":{"line":12,"column":null}},"4":{"start":{"line":16,"column":2},"end":{"line":16,"column":null}},"5":{"start":{"line":19,"column":2},"end":{"line":19,"column":null}},"6":{"start":{"line":22,"column":2},"end":{"line":22,"column":null}},"7":{"start":{"line":26,"column":2},"end":{"line":26,"column":15}}},"fnMap":{},"branchMap":{},"s":{"0":1,"1":1,"2":1,"3":1,"4":1,"5":1,"6":1,"7":1},"f":{},"b":{}}
,"C:\\Users\\hat\\workspaces\\journal-manager\\backend\\src\\auth\\interfaces\\role.enum.ts": {"path":"C:\\Users\\hat\\workspaces\\journal-manager\\backend\\src\\auth\\interfaces\\role.enum.ts","statementMap":{"0":{"start":{"line":1,"column":0},"end":{"line":1,"column":null}},"1":{"start":{"line":2,"column":2},"end":{"line":2,"column":null}},"2":{"start":{"line":3,"column":2},"end":{"line":3,"column":null}},"3":{"start":{"line":4,"column":2},"end":{"line":4,"column":null}},"4":{"start":{"line":5,"column":2},"end":{"line":5,"column":null}},"5":{"start":{"line":6,"column":2},"end":{"line":6,"column":null}},"6":{"start":{"line":7,"column":2},"end":{"line":7,"column":null}}},"fnMap":{"0":{"name":"(anonymous_0)","decl":{"start":{"line":1,"column":0},"end":{"line":1,"column":12}},"loc":{"start":{"line":1,"column":16},"end":{"line":8,"column":1}}}},"branchMap":{"0":{"loc":{"start":{"line":1,"column":12},"end":{"line":1,"column":null}},"type":"binary-expr","locations":[{"start":{"line":1,"column":12},"end":{"line":1,"column":16}},{"start":{"line":1,"column":16},"end":{"line":1,"column":null}}]}},"s":{"0":2,"1":2,"2":2,"3":2,"4":2,"5":2,"6":2},"f":{"0":2},"b":{"0":[2,2]}}
,"C:\\Users\\hat\\workspaces\\journal-manager\\backend\\src\\email\\email.module.ts": {"path":"C:\\Users\\hat\\workspaces\\journal-manager\\backend\\src\\email\\email.module.ts","statementMap":{"0":{"start":{"line":1,"column":0},"end":{"line":1,"column":40}},"1":{"start":{"line":2,"column":0},"end":{"line":2,"column":47}},"2":{"start":{"line":8,"column":7},"end":{"line":8,"column":null}},"3":{"start":{"line":8,"column":13},"end":{"line":8,"column":24}},"4":{"start":{"line":8,"column":13},"end":{"line":8,"column":null}}},"fnMap":{},"branchMap":{},"s":{"0":0,"1":0,"2":0,"3":0,"4":0},"f":{},"b":{}}
,"C:\\Users\\hat\\workspaces\\journal-manager\\backend\\src\\email\\email.service.ts": {"path":"C:\\Users\\hat\\workspaces\\journal-manager\\backend\\src\\email\\email.service.ts","statementMap":{"0":{"start":{"line":1,"column":0},"end":{"line":1,"column":52}},"1":{"start":{"line":2,"column":0},"end":{"line":2,"column":32}},"2":{"start":{"line":5,"column":25},"end":{"line":83,"column":null}},"3":{"start":{"line":7,"column":28},"end":{"line":7,"column":57}},"4":{"start":{"line":11,"column":4},"end":{"line":11,"column":58}},"5":{"start":{"line":13,"column":4},"end":{"line":15,"column":5}},"6":{"start":{"line":14,"column":6},"end":{"line":14,"column":65}},"7":{"start":{"line":17,"column":4},"end":{"line":17,"column":39}},"8":{"start":{"line":21,"column":22},"end":{"line":21,"column":67}},"9":{"start":{"line":22,"column":17},"end":{"line":25,"column":null}},"10":{"start":{"line":28,"column":4},"end":{"line":28,"column":61}},"11":{"start":{"line":32,"column":21},"end":{"line":32,"column":68}},"12":{"start":{"line":33,"column":17},"end":{"line":36,"column":null}},"13":{"start":{"line":39,"column":4},"end":{"line":39,"column":70}},"14":{"start":{"line":43,"column":4},"end":{"line":61,"column":5}},"15":{"start":{"line":44,"column":30},"end":{"line":49,"column":8}},"16":{"start":{"line":51,"column":6},"end":{"line":54,"column":7}},"17":{"start":{"line":52,"column":8},"end":{"line":52,"column":77}},"18":{"start":{"line":53,"column":8},"end":{"line":53,"column":55}},"19":{"start":{"line":56,"column":6},"end":{"line":56,"column":48}},"20":{"start":{"line":57,"column":6},"end":{"line":57,"column":18}},"21":{"start":{"line":59,"column":6},"end":{"line":59,"column":37}},"22":{"start":{"line":60,"column":6},"end":{"line":60,"column":16}},"23":{"start":{"line":65,"column":4},"end":{"line":81,"column":8}},"24":{"start":{"line":5,"column":13},"end":{"line":5,"column":25}},"25":{"start":{"line":5,"column":13},"end":{"line":83,"column":null}}},"fnMap":{"0":{"name":"(anonymous_2)","decl":{"start":{"line":10,"column":2},"end":{"line":10,"column":null}},"loc":{"start":{"line":10,"column":2},"end":{"line":18,"column":3}}},"1":{"name":"(anonymous_3)","decl":{"start":{"line":20,"column":2},"end":{"line":20,"column":7}},"loc":{"start":{"line":20,"column":55},"end":{"line":29,"column":3}}},"2":{"name":"(anonymous_4)","decl":{"start":{"line":31,"column":2},"end":{"line":31,"column":7}},"loc":{"start":{"line":31,"column":56},"end":{"line":40,"column":3}}},"3":{"name":"(anonymous_5)","decl":{"start":{"line":42,"column":10},"end":{"line":42,"column":15}},"loc":{"start":{"line":42,"column":67},"end":{"line":62,"column":3}}},"4":{"name":"(anonymous_6)","decl":{"start":{"line":64,"column":10},"end":{"line":64,"column":23}},"loc":{"start":{"line":64,"column":66},"end":{"line":82,"column":3}}}},"branchMap":{"0":{"loc":{"start":{"line":13,"column":4},"end":{"line":15,"column":5}},"type":"if","locations":[{"start":{"line":13,"column":4},"end":{"line":15,"column":5}}]},"1":{"loc":{"start":{"line":51,"column":6},"end":{"line":54,"column":7}},"type":"if","locations":[{"start":{"line":51,"column":6},"end":{"line":54,"column":7}}]}},"s":{"0":0,"1":0,"2":0,"3":0,"4":0,"5":0,"6":0,"7":0,"8":0,"9":0,"10":0,"11":0,"12":0,"13":0,"14":0,"15":0,"16":0,"17":0,"18":0,"19":0,"20":0,"21":0,"22":0,"23":0,"24":0,"25":0},"f":{"0":0,"1":0,"2":0,"3":0,"4":0},"b":{"0":[0],"1":[0]}}
,"C:\\Users\\hat\\workspaces\\journal-manager\\backend\\src\\prisma\\prisma.module.ts": {"path":"C:\\Users\\hat\\workspaces\\journal-manager\\backend\\src\\prisma\\prisma.module.ts","statementMap":{"0":{"start":{"line":1,"column":0},"end":{"line":1,"column":40}},"1":{"start":{"line":2,"column":0},"end":{"line":2,"column":49}},"2":{"start":{"line":8,"column":7},"end":{"line":8,"column":null}},"3":{"start":{"line":8,"column":13},"end":{"line":8,"column":25}},"4":{"start":{"line":8,"column":13},"end":{"line":8,"column":null}}},"fnMap":{},"branchMap":{},"s":{"0":0,"1":0,"2":0,"3":0,"4":0},"f":{},"b":{}}
,"C:\\Users\\hat\\workspaces\\journal-manager\\backend\\src\\prisma\\prisma.service.ts": {"path":"C:\\Users\\hat\\workspaces\\journal-manager\\backend\\src\\prisma\\prisma.service.ts","statementMap":{"0":{"start":{"line":1,"column":0},"end":{"line":1,"column":75}},"1":{"start":{"line":2,"column":0},"end":{"line":2,"column":46}},"2":{"start":{"line":5,"column":7},"end":{"line":20,"column":null}},"3":{"start":{"line":10,"column":4},"end":{"line":10,"column":12}},"4":{"start":{"line":14,"column":4},"end":{"line":14,"column":26}},"5":{"start":{"line":18,"column":4},"end":{"line":18,"column":29}},"6":{"start":{"line":5,"column":13},"end":{"line":5,"column":26}},"7":{"start":{"line":5,"column":13},"end":{"line":20,"column":null}}},"fnMap":{"0":{"name":"(anonymous_2)","decl":{"start":{"line":9,"column":2},"end":{"line":9,"column":null}},"loc":{"start":{"line":9,"column":2},"end":{"line":11,"column":3}}},"1":{"name":"(anonymous_3)","decl":{"start":{"line":13,"column":2},"end":{"line":13,"column":7}},"loc":{"start":{"line":13,"column":20},"end":{"line":15,"column":3}}},"2":{"name":"(anonymous_4)","decl":{"start":{"line":17,"column":2},"end":{"line":17,"column":7}},"loc":{"start":{"line":17,"column":23},"end":{"line":19,"column":3}}}},"branchMap":{},"s":{"0":2,"1":2,"2":2,"3":0,"4":0,"5":0,"6":2,"7":2},"f":{"0":0,"1":0,"2":0},"b":{}}
,"C:\\Users\\hat\\workspaces\\journal-manager\\backend\\src\\shared\\filters\\throttler-exception.filter.ts": {"path":"C:\\Users\\hat\\workspaces\\journal-manager\\backend\\src\\shared\\filters\\throttler-exception.filter.ts","statementMap":{"0":{"start":{"line":1,"column":0},"end":{"line":1,"column":null}},"1":{"start":{"line":10,"column":7},"end":{"line":27,"column":null}},"2":{"start":{"line":12,"column":16},"end":{"line":12,"column":35}},"3":{"start":{"line":13,"column":21},"end":{"line":13,"column":48}},"4":{"start":{"line":14,"column":20},"end":{"line":14,"column":45}},"5":{"start":{"line":16,"column":4},"end":{"line":25,"column":5}},"6":{"start":{"line":17,"column":6},"end":{"line":22,"column":9}},"7":{"start":{"line":24,"column":6},"end":{"line":24,"column":75}},"8":{"start":{"line":10,"column":13},"end":{"line":10,"column":37}},"9":{"start":{"line":10,"column":13},"end":{"line":27,"column":null}}},"fnMap":{"0":{"name":"(anonymous_1)","decl":{"start":{"line":11,"column":2},"end":{"line":11,"column":7}},"loc":{"start":{"line":11,"column":53},"end":{"line":26,"column":3}}}},"branchMap":{"0":{"loc":{"start":{"line":16,"column":4},"end":{"line":25,"column":5}},"type":"if","locations":[{"start":{"line":16,"column":4},"end":{"line":25,"column":5}},{"start":{"line":23,"column":11},"end":{"line":25,"column":5}}]}},"s":{"0":0,"1":0,"2":0,"3":0,"4":0,"5":0,"6":0,"7":0,"8":0,"9":0},"f":{"0":0},"b":{"0":[0,0]}}
,"C:\\Users\\hat\\workspaces\\journal-manager\\backend\\src\\shared\\redis\\redis.exceptions.ts": {"path":"C:\\Users\\hat\\workspaces\\journal-manager\\backend\\src\\shared\\redis\\redis.exceptions.ts","statementMap":{"0":{"start":{"line":7,"column":4},"end":{"line":7,"column":72}},"1":{"start":{"line":3,"column":20},"end":{"line":3,"column":37}},"2":{"start":{"line":4,"column":20},"end":{"line":4,"column":31}},"3":{"start":{"line":5,"column":20},"end":{"line":5,"column":41}},"4":{"start":{"line":8,"column":4},"end":{"line":8,"column":33}},"5":{"start":{"line":1,"column":0},"end":{"line":1,"column":13}}},"fnMap":{"0":{"name":"(anonymous_0)","decl":{"start":{"line":2,"column":2},"end":{"line":2,"column":null}},"loc":{"start":{"line":5,"column":41},"end":{"line":9,"column":3}}}},"branchMap":{},"s":{"0":0,"1":0,"2":0,"3":0,"4":0,"5":4},"f":{"0":0},"b":{}}
,"C:\\Users\\hat\\workspaces\\journal-manager\\backend\\src\\shared\\redis\\redis.module.ts": {"path":"C:\\Users\\hat\\workspaces\\journal-manager\\backend\\src\\shared\\redis\\redis.module.ts","statementMap":{"0":{"start":{"line":1,"column":0},"end":{"line":1,"column":48}},"1":{"start":{"line":2,"column":0},"end":{"line":2,"column":47}},"2":{"start":{"line":9,"column":7},"end":{"line":9,"column":null}},"3":{"start":{"line":9,"column":13},"end":{"line":9,"column":24}},"4":{"start":{"line":9,"column":13},"end":{"line":9,"column":null}}},"fnMap":{},"branchMap":{},"s":{"0":0,"1":0,"2":0,"3":0,"4":0},"f":{},"b":{}}
,"C:\\Users\\hat\\workspaces\\journal-manager\\backend\\src\\shared\\redis\\redis.service.ts": {"path":"C:\\Users\\hat\\workspaces\\journal-manager\\backend\\src\\shared\\redis\\redis.service.ts","statementMap":{"0":{"start":{"line":1,"column":0},"end":{"line":1,"column":69}},"1":{"start":{"line":2,"column":0},"end":{"line":2,"column":28}},"2":{"start":{"line":3,"column":0},"end":{"line":3,"column":52}},"3":{"start":{"line":6,"column":25},"end":{"line":59,"column":null}},"4":{"start":{"line":8,"column":28},"end":{"line":8,"column":57}},"5":{"start":{"line":11,"column":4},"end":{"line":14,"column":7}},"6":{"start":{"line":18,"column":4},"end":{"line":27,"column":5}},"7":{"start":{"line":19,"column":6},"end":{"line":19,"column":56}},"8":{"start":{"line":21,"column":6},"end":{"line":21,"column":73}},"9":{"start":{"line":22,"column":6},"end":{"line":26,"column":8}},"10":{"start":{"line":31,"column":4},"end":{"line":40,"column":5}},"11":{"start":{"line":32,"column":6},"end":{"line":32,"column":45}},"12":{"start":{"line":34,"column":6},"end":{"line":34,"column":70}},"13":{"start":{"line":35,"column":6},"end":{"line":39,"column":8}},"14":{"start":{"line":44,"column":4},"end":{"line":53,"column":5}},"15":{"start":{"line":45,"column":6},"end":{"line":45,"column":38}},"16":{"start":{"line":47,"column":6},"end":{"line":47,"column":71}},"17":{"start":{"line":48,"column":6},"end":{"line":52,"column":8}},"18":{"start":{"line":57,"column":4},"end":{"line":57,"column":28}},"19":{"start":{"line":6,"column":13},"end":{"line":6,"column":25}},"20":{"start":{"line":6,"column":13},"end":{"line":59,"column":null}}},"fnMap":{"0":{"name":"(anonymous_2)","decl":{"start":{"line":10,"column":2},"end":{"line":10,"column":null}},"loc":{"start":{"line":10,"column":2},"end":{"line":15,"column":3}}},"1":{"name":"(anonymous_3)","decl":{"start":{"line":17,"column":2},"end":{"line":17,"column":7}},"loc":{"start":{"line":17,"column":51},"end":{"line":28,"column":3}}},"2":{"name":"(anonymous_4)","decl":{"start":{"line":30,"column":2},"end":{"line":30,"column":7}},"loc":{"start":{"line":30,"column":23},"end":{"line":41,"column":3}}},"3":{"name":"(anonymous_5)","decl":{"start":{"line":43,"column":2},"end":{"line":43,"column":7}},"loc":{"start":{"line":43,"column":23},"end":{"line":54,"column":3}}},"4":{"name":"(anonymous_6)","decl":{"start":{"line":56,"column":2},"end":{"line":56,"column":17}},"loc":{"start":{"line":56,"column":17},"end":{"line":58,"column":3}}}},"branchMap":{"0":{"loc":{"start":{"line":12,"column":12},"end":{"line":12,"column":45}},"type":"binary-expr","locations":[{"start":{"line":12,"column":12},"end":{"line":12,"column":34}},{"start":{"line":12,"column":38},"end":{"line":12,"column":45}}]},"1":{"loc":{"start":{"line":13,"column":21},"end":{"line":13,"column":53}},"type":"binary-expr","locations":[{"start":{"line":13,"column":21},"end":{"line":13,"column":43}},{"start":{"line":13,"column":47},"end":{"line":13,"column":53}}]},"2":{"loc":{"start":{"line":25,"column":8},"end":{"line":25,"column":50}},"type":"cond-expr","locations":[{"start":{"line":25,"column":33},"end":{"line":25,"column":38}},{"start":{"line":25,"column":41},"end":{"line":25,"column":50}}]},"3":{"loc":{"start":{"line":38,"column":8},"end":{"line":38,"column":50}},"type":"cond-expr","locations":[{"start":{"line":38,"column":33},"end":{"line":38,"column":38}},{"start":{"line":38,"column":41},"end":{"line":38,"column":50}}]},"4":{"loc":{"start":{"line":51,"column":8},"end":{"line":51,"column":50}},"type":"cond-expr","locations":[{"start":{"line":51,"column":33},"end":{"line":51,"column":38}},{"start":{"line":51,"column":41},"end":{"line":51,"column":50}}]}},"s":{"0":4,"1":4,"2":4,"3":4,"4":6,"5":6,"6":1,"7":1,"8":0,"9":0,"10":2,"11":2,"12":0,"13":0,"14":1,"15":1,"16":0,"17":0,"18":1,"19":4,"20":4},"f":{"0":6,"1":1,"2":2,"3":1,"4":1},"b":{"0":[6,6],"1":[6,6],"2":[0,0],"3":[0,0],"4":[0,0]}}
}
