TN:
SF:src\app.module.ts
FNF:0
FNH:0
DA:1,0
DA:2,0
DA:3,0
DA:4,0
DA:5,0
DA:6,0
DA:7,0
DA:36,0
LF:8
LH:0
BRF:0
BRH:0
end_of_record
TN:
SF:src\main.ts
FN:5,bootstrap
FNF:1
FNH:0
FNDA:0,bootstrap
DA:1,0
DA:2,0
DA:3,0
DA:6,0
DA:8,0
DA:10,0
DA:12,0
LF:7
LH:0
BRDA:10,0,0,0
BRDA:10,0,1,0
BRF:2
BRH:0
end_of_record
TN:
SF:src\auth\auth.controller.ts
FN:19,(anonymous_4)
FN:22,(anonymous_5)
FN:27,(anonymous_6)
FN:33,(anonymous_7)
FN:41,(anonymous_8)
FN:46,(anonymous_9)
FNF:6
FNH:5
FNDA:5,(anonymous_4)
FNDA:1,(anonymous_5)
FNDA:1,(anonymous_6)
FNDA:1,(anonymous_7)
FNDA:1,(anonymous_8)
FNDA:0,(anonymous_9)
DA:1,1
DA:10,1
DA:11,1
DA:12,1
DA:14,1
DA:18,1
DA:19,5
DA:22,1
DA:23,1
DA:27,1
DA:28,1
DA:33,1
DA:34,1
DA:35,1
DA:36,1
DA:37,1
DA:41,1
DA:42,1
DA:46,1
DA:47,0
LF:20
LH:19
BRF:0
BRH:0
end_of_record
TN:
SF:src\auth\auth.module.ts
FNF:0
FNH:0
DA:1,0
DA:2,0
DA:3,0
DA:4,0
DA:5,0
DA:6,0
DA:7,0
DA:8,0
DA:25,0
LF:9
LH:0
BRF:0
BRH:0
end_of_record
TN:
SF:src\auth\auth.service.ts
FN:20,(anonymous_2)
FN:27,(anonymous_3)
FN:73,(anonymous_4)
FN:159,(anonymous_5)
FN:208,(anonymous_6)
FN:232,(anonymous_7)
FNF:6
FNH:5
FNDA:19,(anonymous_2)
FNDA:2,(anonymous_3)
FNDA:7,(anonymous_4)
FNDA:5,(anonymous_5)
FNDA:4,(anonymous_6)
FNDA:0,(anonymous_7)
DA:1,2
DA:9,2
DA:11,2
DA:12,2
DA:14,2
DA:16,2
DA:19,2
DA:21,19
DA:22,19
DA:23,19
DA:24,19
DA:28,2
DA:30,2
DA:31,0
DA:34,2
DA:35,2
DA:39,2
DA:40,1
DA:43,1
DA:45,1
DA:56,1
DA:61,1
DA:63,1
DA:65,1
DA:66,1
DA:67,1
DA:69,0
DA:76,7
DA:77,7
DA:79,7
DA:80,2
DA:85,5
DA:89,4
DA:90,1
DA:95,3
DA:96,1
DA:101,2
DA:102,2
DA:103,1
DA:108,1
DA:114,1
DA:115,1
DA:119,1
DA:120,1
DA:126,1
DA:132,1
DA:147,6
DA:148,5
DA:152,1
DA:153,1
DA:162,5
DA:164,5
DA:165,4
DA:169,4
DA:170,4
DA:171,2
DA:174,2
DA:177,2
DA:178,1
DA:181,1
DA:187,1
DA:188,1
DA:192,1
DA:200,4
DA:201,3
DA:204,1
DA:210,4
DA:211,4
DA:212,4
DA:213,4
DA:214,4
DA:215,3
DA:218,4
DA:219,2
DA:220,2
DA:223,1
DA:224,1
DA:227,1
DA:233,0
DA:234,0
DA:236,0
DA:240,0
DA:241,0
DA:244,0
DA:245,0
DA:248,0
DA:253,0
DA:255,0
LF:88
LH:76
BRDA:30,0,0,0
BRDA:30,1,0,2
BRDA:30,1,1,2
BRDA:30,1,2,2
BRDA:30,1,3,2
BRDA:39,2,0,1
BRDA:66,3,0,1
BRDA:79,4,0,2
BRDA:79,5,0,7
BRDA:79,5,1,6
BRDA:89,6,0,1
BRDA:95,7,0,1
BRDA:102,8,0,1
BRDA:147,9,0,5
BRDA:170,10,0,2
BRDA:170,11,0,4
BRDA:170,11,1,3
BRDA:177,12,0,1
BRDA:200,13,0,3
BRDA:212,14,0,4
BRDA:212,14,1,0
BRDA:214,15,0,3
BRDA:218,16,0,2
BRDA:223,17,0,1
BRDA:240,18,0,0
BRDA:244,19,0,0
BRF:26
BRH:22
end_of_record
TN:
SF:src\auth\jwt-auth.guard.ts
FNF:0
FNH:0
DA:1,1
DA:2,1
DA:5,1
LF:3
LH:3
BRF:0
BRH:0
end_of_record
TN:
SF:src\auth\jwt.strategy.ts
FN:10,(anonymous_2)
FN:18,(anonymous_3)
FNF:2
FNH:2
FNDA:4,(anonymous_2)
FNDA:3,(anonymous_3)
DA:1,1
DA:2,1
DA:3,1
DA:6,1
DA:9,1
DA:10,4
DA:11,4
DA:19,3
DA:21,3
DA:22,1
DA:25,2
DA:27,2
DA:28,1
DA:31,1
LF:14
LH:14
BRDA:21,0,0,1
BRDA:27,1,0,1
BRF:2
BRH:2
end_of_record
TN:
SF:src\auth\dtos\login-response.dto.ts
FNF:0
FNH:0
DA:4,0
LF:1
LH:0
BRF:0
BRH:0
end_of_record
TN:
SF:src\auth\dtos\login.dto.ts
FNF:0
FNH:0
DA:1,1
DA:3,1
DA:5,1
DA:9,1
LF:4
LH:4
BRF:0
BRH:0
end_of_record
TN:
SF:src\auth\dtos\register-response.dto.ts
FNF:0
FNH:0
DA:3,0
LF:1
LH:0
BRF:0
BRH:0
end_of_record
TN:
SF:src\auth\dtos\register.dto.ts
FNF:0
FNH:0
DA:1,1
DA:8,1
DA:10,1
DA:12,1
DA:16,1
DA:19,1
DA:22,1
DA:26,1
LF:8
LH:8
BRF:0
BRH:0
end_of_record
TN:
SF:src\auth\interfaces\role.enum.ts
FN:1,(anonymous_0)
FNF:1
FNH:1
FNDA:2,(anonymous_0)
DA:1,2
DA:2,2
DA:3,2
DA:4,2
DA:5,2
DA:6,2
DA:7,2
LF:7
LH:7
BRDA:1,0,0,2
BRDA:1,0,1,2
BRF:2
BRH:2
end_of_record
TN:
SF:src\email\email.exceptions.ts
FN:2,(anonymous_0)
FNF:1
FNH:0
FNDA:0,(anonymous_0)
DA:1,2
DA:3,0
DA:4,0
DA:5,0
DA:7,0
DA:8,0
LF:6
LH:1
BRF:0
BRH:0
end_of_record
TN:
SF:src\email\email.module.ts
FNF:0
FNH:0
DA:1,0
DA:2,0
DA:8,0
LF:3
LH:0
BRF:0
BRH:0
end_of_record
TN:
SF:src\email\email.service.ts
FN:11,(anonymous_2)
FN:28,(anonymous_3)
FN:38,(anonymous_4)
FN:48,(anonymous_5)
FN:83,(anonymous_6)
FNF:5
FNH:0
FNDA:0,(anonymous_2)
FNDA:0,(anonymous_3)
FNDA:0,(anonymous_4)
FNDA:0,(anonymous_5)
FNDA:0,(anonymous_6)
DA:1,2
DA:2,2
DA:3,2
DA:6,2
DA:8,0
DA:12,0
DA:13,0
DA:15,0
DA:16,0
DA:17,0
DA:19,0
DA:20,0
DA:21,0
DA:24,0
DA:25,0
DA:29,0
DA:30,0
DA:35,0
DA:39,0
DA:40,0
DA:45,0
DA:49,0
DA:50,0
DA:57,0
DA:61,0
DA:62,0
DA:67,0
DA:68,0
DA:71,0
DA:74,0
DA:75,0
DA:77,0
DA:78,0
DA:79,0
DA:84,0
LF:35
LH:4
BRDA:15,0,0,0
BRDA:19,1,0,0
BRDA:61,2,0,0
BRDA:63,3,0,0
BRDA:63,3,1,0
BRDA:67,4,0,0
BRDA:78,5,0,0
BRF:7
BRH:0
end_of_record
TN:
SF:src\prisma\prisma.module.ts
FNF:0
FNH:0
DA:1,0
DA:2,0
DA:8,0
LF:3
LH:0
BRF:0
BRH:0
end_of_record
TN:
SF:src\prisma\prisma.service.ts
FN:9,(anonymous_2)
FN:13,(anonymous_3)
FN:17,(anonymous_4)
FNF:3
FNH:0
FNDA:0,(anonymous_2)
FNDA:0,(anonymous_3)
FNDA:0,(anonymous_4)
DA:1,2
DA:2,2
DA:5,2
DA:10,0
DA:14,0
DA:18,0
LF:6
LH:3
BRF:0
BRH:0
end_of_record
TN:
SF:src\shared\filters\throttler-exception.filter.ts
FN:11,(anonymous_1)
FNF:1
FNH:0
FNDA:0,(anonymous_1)
DA:1,0
DA:10,0
DA:12,0
DA:13,0
DA:14,0
DA:16,0
DA:17,0
DA:24,0
LF:8
LH:0
BRDA:16,0,0,0
BRDA:16,0,1,0
BRF:2
BRH:0
end_of_record
TN:
SF:src\shared\redis\redis.exceptions.ts
FN:2,(anonymous_0)
FNF:1
FNH:0
FNDA:0,(anonymous_0)
DA:1,4
DA:3,0
DA:4,0
DA:5,0
DA:7,0
DA:8,0
LF:6
LH:1
BRF:0
BRH:0
end_of_record
TN:
SF:src\shared\redis\redis.module.ts
FNF:0
FNH:0
DA:1,0
DA:2,0
DA:9,0
LF:3
LH:0
BRF:0
BRH:0
end_of_record
TN:
SF:src\shared\redis\redis.service.ts
FN:10,(anonymous_2)
FN:17,(anonymous_3)
FN:30,(anonymous_4)
FN:43,(anonymous_5)
FN:56,(anonymous_6)
FNF:5
FNH:5
FNDA:6,(anonymous_2)
FNDA:1,(anonymous_3)
FNDA:2,(anonymous_4)
FNDA:1,(anonymous_5)
FNDA:1,(anonymous_6)
DA:1,4
DA:2,4
DA:3,4
DA:6,4
DA:8,6
DA:11,6
DA:18,1
DA:19,1
DA:21,0
DA:22,0
DA:31,2
DA:32,2
DA:34,0
DA:35,0
DA:44,1
DA:45,1
DA:47,0
DA:48,0
DA:57,1
LF:19
LH:13
BRDA:12,0,0,6
BRDA:12,0,1,6
BRDA:13,1,0,6
BRDA:13,1,1,6
BRDA:25,2,0,0
BRDA:25,2,1,0
BRDA:38,3,0,0
BRDA:38,3,1,0
BRDA:51,4,0,0
BRDA:51,4,1,0
BRF:10
BRH:4
end_of_record
